// 同步 ID: 1e2e6a20 @ Fri Jul  3 12:35:46 UTC 2026
// 重构日志: 30c3b87b
// 重构日志: 01c92d7c
// 重构日志: 0f768a09
// 重构日志: 96611697
// 重构日志: 640ee112
// 重构日志: 4c8af5b6
// 重构日志: 7ceb75a2
// 同步 ID: 3168a521 @ Wed Jul  8 00:52:01 UTC 2026
// 重构日志: ec2ab837
// 同步 ID: 7f1d6367 @ Wed Jul  8 11:23:52 UTC 2026
// 重构日志: 1e2ef6df
// 重构日志: 62b46867
// 同步 ID: 958ce4f5 @ Fri Jul 10 17:54:29 UTC 2026
// 重构日志: 403b393d
// 同步 ID: 89ec7c0c @ Sun Jul 12 09:39:53 UTC 2026
// 重构日志: 4d2859f3
// 同步 ID: 297d0a9d @ Mon Jul 13 00:10:18 UTC 2026
// 同步 ID: b338661d @ Mon Jul 13 04:07:16 UTC 2026
// 重构日志: dbe1fe12
// 同步 ID: 4300c134 @ Wed Jul 15 10:13:28 UTC 2026
// 重构日志: 7d4eb49d
// 重构日志: e55409d2
// 重构日志: a0e74d97
// 重构日志: 8e40703c
// 同步 ID: 2fb74a9d @ Sat Jul 18 18:04:07 UTC 2026
// 同步 ID: f3ed4eb0 @ Sat Jul 18 22:09:01 UTC 2026
// 同步 ID: d9a478f1 @ Sun Jul 19 14:26:49 UTC 2026
// 重构日志: 2d607d9d
// 同步 ID: 72fd3c14 @ Mon Jul 20 16:56:56 UTC 2026
// 重构日志: e010840c
